#
# There is insufficient memory for the Java Runtime Environment to continue.
# Native memory allocation (malloc) failed to allocate 32784 bytes for Chunk::new
# Possible reasons:
#   The system is out of physical RAM or swap space
#   The process is running with CompressedOops enabled, and the Java Heap may be blocking the growth of the native heap
# Possible solutions:
#   Reduce memory load on the system
#   Increase physical memory or swap space
#   Check if swap backing store is full
#   Decrease Java heap size (-Xmx/-Xms)
#   Decrease number of Java threads
#   Decrease Java thread stack sizes (-Xss)
#   Set larger code cache with -XX:ReservedCodeCacheSize=
#   JVM is running with Zero Based Compressed Oops mode in which the Java heap is
#     placed in the first 32GB address space. The Java Heap base address is the
#     maximum limit for the native heap growth. Please use -XX:HeapBaseMinAddress
#     to set the Java Heap base and to place the Java Heap above 32GB virtual address.
# This output file may be truncated or incomplete.
#
#  Out of Memory Error (./src/hotspot/share/memory/arena.cpp:197), pid=26916, tid=23244
#
# JRE version: OpenJDK Runtime Environment JBR-11.0.13.7-1751.25-jcef (11.0.13+7) (build 11.0.13+7-b1751.25)
# Java VM: OpenJDK 64-Bit Server VM JBR-11.0.13.7-1751.25-jcef (11.0.13+7-b1751.25, mixed mode, tiered, compressed oops, g1 gc, windows-amd64)
# No core dump will be written. Minidumps are not enabled by default on client versions of Windows
#

---------------  S U M M A R Y ------------

Command Line: -agentlib:jdwp=transport=dt_socket,address=127.0.0.1:22722,suspend=y,server=n -ea -Didea.test.cyclic.buffer.size=1048576 -javaagent:C:\Users\Admin\AppData\Local\JetBrains\IdeaIC2021.3\captureAgent\debugger-agent.jar=file:/C:/Users/Admin/AppData/Local/Temp/capture.props -Dfile.encoding=UTF-8 com.intellij.rt.testng.RemoteTestNGStarter -usedefaultlisteners false -socket22721 @w@C:\Users\Admin\AppData\Local\Temp\idea_working_dirs_testng.tmp -temp C:\Users\Admin\AppData\Local\Temp\idea_testng.tmp

Host: 12th Gen Intel(R) Core(TM) i5-1235U, 12 cores, 15G,  Windows 11 , 64 bit Build 26100 (10.0.26100.7019)
Time: Thu Nov 20 19:35:50 2025 India Standard Time elapsed time: 5.980012 seconds (0d 0h 0m 5s)

---------------  T H R E A D  ---------------

Current thread (0x00000257e0ca6800):  JavaThread "C2 CompilerThread0" daemon [_thread_in_native, id=23244, stack(0x000000eb68200000,0x000000eb68300000)]


Current CompileTask:
C2:   5980 2945       4       org.openqa.selenium.json.JsonOutput$$Lambda$301/0x00000008003f5840::accept (9 bytes)

Stack: [0x000000eb68200000,0x000000eb68300000]
Native frames: (J=compiled Java code, j=interpreted, Vv=VM code, C=native code)
V  [jvm.dll+0x613daa]
V  [jvm.dll+0x799b30]
V  [jvm.dll+0x79b14d]
V  [jvm.dll+0x79b823]
V  [jvm.dll+0x24c958]
V  [jvm.dll+0xc14dc]
V  [jvm.dll+0xc1a0c]
V  [jvm.dll+0xc160c]
V  [jvm.dll+0x640e20]
V  [jvm.dll+0x5262be]
V  [jvm.dll+0x20ccc3]
V  [jvm.dll+0x206770]
V  [jvm.dll+0x203e92]
V  [jvm.dll+0x18b2a1]
V  [jvm.dll+0x212c3b]
V  [jvm.dll+0x211491]
V  [jvm.dll+0x760b9f]
V  [jvm.dll+0x759755]
V  [jvm.dll+0x612a16]
C  [ucrtbase.dll+0x37b0]
C  [KERNEL32.DLL+0x2e8d7]
C  [ntdll.dll+0x8c53c]


---------------  P R O C E S S  ---------------

Threads class SMR info:
_java_thread_list=0x00000257e3b48410, length=25, elements={
0x00000257c0ef8000, 0x00000257e0c22000, 0x00000257e0c45000, 0x00000257e0c9f800,
0x00000257e0ca4800, 0x00000257e0ca5800, 0x00000257e0ca6800, 0x00000257e0cb7800,
0x00000257e0cbc800, 0x00000257e10fd000, 0x00000257e11ae000, 0x00000257e11af000,
0x00000257e11b5000, 0x00000257e3ae9000, 0x00000257e3975800, 0x00000257e41d6800,
0x00000257e3e6d800, 0x00000257e3e64800, 0x00000257e3d06000, 0x00000257e5d12000,
0x00000257e5af1000, 0x00000257e611e000, 0x00000257e611c800, 0x00000257e611b800,
0x00000257e611d800
}

Java Threads: ( => current thread )
  0x00000257c0ef8000 JavaThread "Forwarding isElementDisplayed on session 573ead793ad5d7b1446be627bd5b32b9 to remote" [_thread_blocked, id=6972, stack(0x000000eb67600000,0x000000eb67700000)]
  0x00000257e0c22000 JavaThread "Reference Handler" daemon [_thread_blocked, id=29856, stack(0x000000eb67d00000,0x000000eb67e00000)]
  0x00000257e0c45000 JavaThread "Finalizer" daemon [_thread_blocked, id=29372, stack(0x000000eb67e00000,0x000000eb67f00000)]
  0x00000257e0c9f800 JavaThread "Signal Dispatcher" daemon [_thread_blocked, id=15852, stack(0x000000eb67f00000,0x000000eb68000000)]
  0x00000257e0ca4800 JavaThread "Attach Listener" daemon [_thread_blocked, id=18328, stack(0x000000eb68000000,0x000000eb68100000)]
  0x00000257e0ca5800 JavaThread "Service Thread" daemon [_thread_blocked, id=24192, stack(0x000000eb68100000,0x000000eb68200000)]
=>0x00000257e0ca6800 JavaThread "C2 CompilerThread0" daemon [_thread_in_native, id=23244, stack(0x000000eb68200000,0x000000eb68300000)]
  0x00000257e0cb7800 JavaThread "C1 CompilerThread0" daemon [_thread_blocked, id=7072, stack(0x000000eb68300000,0x000000eb68400000)]
  0x00000257e0cbc800 JavaThread "Sweeper thread" daemon [_thread_blocked, id=16572, stack(0x000000eb68400000,0x000000eb68500000)]
  0x00000257e10fd000 JavaThread "Common-Cleaner" daemon [_thread_blocked, id=28188, stack(0x000000eb68500000,0x000000eb68600000)]
  0x00000257e11ae000 JavaThread "JDWP Transport Listener: dt_socket" daemon [_thread_blocked, id=28348, stack(0x000000eb68700000,0x000000eb68800000)]
  0x00000257e11af000 JavaThread "JDWP Event Helper Thread" daemon [_thread_blocked, id=17388, stack(0x000000eb68800000,0x000000eb68900000)]
  0x00000257e11b5000 JavaThread "JDWP Command Reader" daemon [_thread_in_native, id=29624, stack(0x000000eb68900000,0x000000eb68a00000)]
  0x00000257e3ae9000 JavaThread "ForkJoinPool.commonPool-worker-19" daemon [_thread_blocked, id=23884, stack(0x000000eb69300000,0x000000eb69400000)]
  0x00000257e3975800 JavaThread "AsyncHttpClient-1-1" daemon [_thread_blocked, id=23176, stack(0x000000eb69400000,0x000000eb69500000)]
  0x00000257e41d6800 JavaThread "Exec Default Executor" daemon [_thread_in_native, id=24904, stack(0x000000eb69500000,0x000000eb69600000)]
  0x00000257e3e6d800 JavaThread "Exec Stream Pumper" daemon [_thread_in_native, id=19188, stack(0x000000eb69600000,0x000000eb69700000)]
  0x00000257e3e64800 JavaThread "Exec Stream Pumper" daemon [_thread_in_native, id=25136, stack(0x000000eb69700000,0x000000eb69800000)]
  0x00000257e3d06000 JavaThread "Driver Service Executor" daemon [_thread_blocked, id=7376, stack(0x000000eb69800000,0x000000eb69900000)]
  0x00000257e5d12000 JavaThread "Driver Service Executor" daemon [_thread_blocked, id=3364, stack(0x000000eb69900000,0x000000eb69a00000)]
  0x00000257e5af1000 JavaThread "UrlChecker-2" daemon [_thread_blocked, id=27668, stack(0x000000eb69a00000,0x000000eb69b00000)]
  0x00000257e611e000 JavaThread "Keep-Alive-Timer" daemon [_thread_blocked, id=29420, stack(0x000000eb69c00000,0x000000eb69d00000)]
  0x00000257e611c800 JavaThread "AsyncHttpClient-1-2" daemon [_thread_in_native, id=26000, stack(0x000000eb68600000,0x000000eb68700000)]
  0x00000257e611b800 JavaThread "AsyncHttpClient-1-3" daemon [_thread_in_native, id=19084, stack(0x000000eb69d00000,0x000000eb69e00000)]
  0x00000257e611d800 JavaThread "AsyncHttpClient-1-4" daemon [_thread_in_native, id=28312, stack(0x000000eb69e00000,0x000000eb69f00000)]

Other Threads:
  0x00000257e0c20000 VMThread "VM Thread" [stack: 0x000000eb67c00000,0x000000eb67d00000] [id=19036]
  0x00000257e11b6000 WatcherThread [stack: 0x000000eb68a00000,0x000000eb68b00000] [id=29612]
  0x00000257c0f15000 GCTaskThread "GC Thread#0" [stack: 0x000000eb67700000,0x000000eb67800000] [id=2992]
  0x00000257e11fc800 GCTaskThread "GC Thread#1" [stack: 0x000000eb68b00000,0x000000eb68c00000] [id=23408]
  0x00000257e15b8000 GCTaskThread "GC Thread#2" [stack: 0x000000eb68c00000,0x000000eb68d00000] [id=5876]
  0x00000257e1208800 GCTaskThread "GC Thread#3" [stack: 0x000000eb68d00000,0x000000eb68e00000] [id=6000]
  0x00000257e1458000 GCTaskThread "GC Thread#4" [stack: 0x000000eb68e00000,0x000000eb68f00000] [id=6300]
  0x00000257e1458800 GCTaskThread "GC Thread#5" [stack: 0x000000eb68f00000,0x000000eb69000000] [id=24096]
  0x00000257c0f70800 ConcurrentGCThread "G1 Main Marker" [stack: 0x000000eb67800000,0x000000eb67900000] [id=2000]
  0x00000257c0f7a000 ConcurrentGCThread "G1 Conc#0" [stack: 0x000000eb67900000,0x000000eb67a00000] [id=4444]
  0x00000257e12fd800 ConcurrentGCThread "G1 Conc#1" [stack: 0x000000eb69100000,0x000000eb69200000] [id=28052]
  0x00000257e1a4b000 ConcurrentGCThread "G1 Conc#2" [stack: 0x000000eb69200000,0x000000eb69300000] [id=26476]
  0x00000257c0f73800 ConcurrentGCThread "G1 Refine#0" [stack: 0x000000eb67a00000,0x000000eb67b00000] [id=19428]
  0x00000257e028a800 ConcurrentGCThread "G1 Young RemSet Sampling" [stack: 0x000000eb67b00000,0x000000eb67c00000] [id=28880]

Threads with active compile tasks:
C2 CompilerThread0   6022 2945       4       org.openqa.selenium.json.JsonOutput$$Lambda$301/0x00000008003f5840::accept (9 bytes)

VM state:not at safepoint (normal execution)

VM Mutex/Monitor currently owned by a thread: None

Heap address: 0x0000000704800000, size: 4024 MB, Compressed Oops mode: Zero based, Oop shift amount: 3
Narrow klass base: 0x0000000800000000, Narrow klass shift: 0
Compressed class space size: 1073741824 Address: 0x0000000800000000

Heap:
 garbage-first heap   total 258048K, used 69808K [0x0000000704800000, 0x0000000800000000)
  region size 1024K, 51 young (52224K), 7 survivors (7168K)
 Metaspace       used 39633K, capacity 40466K, committed 40624K, reserved 1085440K
  class space    used 4527K, capacity 4863K, committed 4864K, reserved 1048576K
Heap Regions: E=young(eden), S=young(survivor), O=old, HS=humongous(starts), HC=humongous(continues), CS=collection set, F=free, A=archive, TAMS=top-at-mark-start (previous, next)
|   0|0x0000000704800000, 0x0000000704900000, 0x0000000704900000|100%|HS|  |TAMS 0x0000000704900000, 0x0000000704800000| Complete 
|   1|0x0000000704900000, 0x0000000704a00000, 0x0000000704a00000|100%|HC|  |TAMS 0x0000000704a00000, 0x0000000704900000| Complete 
|   2|0x0000000704a00000, 0x0000000704b00000, 0x0000000704b00000|100%|HS|  |TAMS 0x0000000704b00000, 0x0000000704a00000| Complete 
|   3|0x0000000704b00000, 0x0000000704c00000, 0x0000000704c00000|100%| O|  |TAMS 0x0000000704c00000, 0x0000000704b00000| Untracked 
|   4|0x0000000704c00000, 0x0000000704d00000, 0x0000000704d00000|100%| O|  |TAMS 0x0000000704d00000, 0x0000000704c00000| Untracked 
|   5|0x0000000704d00000, 0x0000000704e00000, 0x0000000704e00000|100%| O|  |TAMS 0x0000000704e00000, 0x0000000704d00000| Untracked 
|   6|0x0000000704e00000, 0x0000000704f00000, 0x0000000704f00000|100%| O|  |TAMS 0x0000000704f00000, 0x0000000704e00000| Untracked 
|   7|0x0000000704f00000, 0x0000000705000000, 0x0000000705000000|100%| O|  |TAMS 0x0000000705000000, 0x0000000704f00000| Untracked 
|   8|0x0000000705000000, 0x0000000705100000, 0x0000000705100000|100%| O|  |TAMS 0x0000000705100000, 0x0000000705000000| Untracked 
|   9|0x0000000705100000, 0x0000000705200000, 0x0000000705200000|100%| O|  |TAMS 0x0000000705200000, 0x0000000705100000| Untracked 
|  10|0x0000000705200000, 0x0000000705300000, 0x0000000705300000|100%| O|  |TAMS 0x0000000705300000, 0x0000000705200000| Untracked 
|  11|0x0000000705300000, 0x0000000705400000, 0x0000000705400000|100%| O|  |TAMS 0x0000000705400000, 0x0000000705300000| Untracked 
|  12|0x0000000705400000, 0x0000000705500000, 0x0000000705500000|100%| O|  |TAMS 0x0000000705500000, 0x0000000705400000| Untracked 
|  13|0x0000000705500000, 0x00000007055a0800, 0x0000000705600000| 62%| O|  |TAMS 0x00000007055a0800, 0x0000000705500000| Untracked 
|  14|0x0000000705600000, 0x0000000705700000, 0x0000000705700000|100%|HS|  |TAMS 0x0000000705600000, 0x0000000705600000| Complete 
|  15|0x0000000705700000, 0x0000000705800000, 0x0000000705800000|100%|HC|  |TAMS 0x0000000705700000, 0x0000000705700000| Complete 
|  16|0x0000000705800000, 0x0000000705900000, 0x0000000705900000|100%|HC|  |TAMS 0x0000000705800000, 0x0000000705800000| Complete 
|  17|0x0000000705900000, 0x0000000705a00000, 0x0000000705a00000|100%|HC|  |TAMS 0x0000000705900000, 0x0000000705900000| Complete 
|  18|0x0000000705a00000, 0x0000000705b00000, 0x0000000705b00000|100%|HC|  |TAMS 0x0000000705a00000, 0x0000000705a00000| Complete 
|  19|0x0000000705b00000, 0x0000000705b00000, 0x0000000705c00000|  0%| F|  |TAMS 0x0000000705b00000, 0x0000000705b00000| Untracked 
|  20|0x0000000705c00000, 0x0000000705c00000, 0x0000000705d00000|  0%| F|  |TAMS 0x0000000705c00000, 0x0000000705c00000| Untracked 
|  21|0x0000000705d00000, 0x0000000705d00000, 0x0000000705e00000|  0%| F|  |TAMS 0x0000000705d00000, 0x0000000705d00000| Untracked 
|  22|0x0000000705e00000, 0x0000000705e00000, 0x0000000705f00000|  0%| F|  |TAMS 0x0000000705e00000, 0x0000000705e00000| Untracked 
|  23|0x0000000705f00000, 0x0000000705f00000, 0x0000000706000000|  0%| F|  |TAMS 0x0000000705f00000, 0x0000000705f00000| Untracked 
|  24|0x0000000706000000, 0x0000000706000000, 0x0000000706100000|  0%| F|  |TAMS 0x0000000706000000, 0x0000000706000000| Untracked 
|  25|0x0000000706100000, 0x0000000706100000, 0x0000000706200000|  0%| F|  |TAMS 0x0000000706100000, 0x0000000706100000| Untracked 
|  26|0x0000000706200000, 0x0000000706200000, 0x0000000706300000|  0%| F|  |TAMS 0x0000000706200000, 0x0000000706200000| Untracked 
|  27|0x0000000706300000, 0x0000000706300000, 0x0000000706400000|  0%| F|  |TAMS 0x0000000706300000, 0x0000000706300000| Untracked 
|  28|0x0000000706400000, 0x0000000706400000, 0x0000000706500000|  0%| F|  |TAMS 0x0000000706400000, 0x0000000706400000| Untracked 
|  29|0x0000000706500000, 0x0000000706500000, 0x0000000706600000|  0%| F|  |TAMS 0x0000000706500000, 0x0000000706500000| Untracked 
|  30|0x0000000706600000, 0x0000000706600000, 0x0000000706700000|  0%| F|  |TAMS 0x0000000706600000, 0x0000000706600000| Untracked 
|  31|0x0000000706700000, 0x0000000706700000, 0x0000000706800000|  0%| F|  |TAMS 0x0000000706700000, 0x0000000706700000| Untracked 
|  32|0x0000000706800000, 0x0000000706800000, 0x0000000706900000|  0%| F|  |TAMS 0x0000000706800000, 0x0000000706800000| Untracked 
|  33|0x0000000706900000, 0x0000000706900000, 0x0000000706a00000|  0%| F|  |TAMS 0x0000000706900000, 0x0000000706900000| Untracked 
|  34|0x0000000706a00000, 0x0000000706a00000, 0x0000000706b00000|  0%| F|  |TAMS 0x0000000706a00000, 0x0000000706a00000| Untracked 
|  35|0x0000000706b00000, 0x0000000706b00000, 0x0000000706c00000|  0%| F|  |TAMS 0x0000000706b00000, 0x0000000706b00000| Untracked 
|  36|0x0000000706c00000, 0x0000000706c00000, 0x0000000706d00000|  0%| F|  |TAMS 0x0000000706c00000, 0x0000000706c00000| Untracked 
|  37|0x0000000706d00000, 0x0000000706d00000, 0x0000000706e00000|  0%| F|  |TAMS 0x0000000706d00000, 0x0000000706d00000| Untracked 
|  38|0x0000000706e00000, 0x0000000706e00000, 0x0000000706f00000|  0%| F|  |TAMS 0x0000000706e00000, 0x0000000706e00000| Untracked 
|  39|0x0000000706f00000, 0x0000000706f00000, 0x0000000707000000|  0%| F|  |TAMS 0x0000000706f00000, 0x0000000706f00000| Untracked 
|  40|0x0000000707000000, 0x0000000707000000, 0x0000000707100000|  0%| F|  |TAMS 0x0000000707000000, 0x0000000707000000| Untracked 
|  41|0x0000000707100000, 0x0000000707100000, 0x0000000707200000|  0%| F|  |TAMS 0x0000000707100000, 0x0000000707100000| Untracked 
|  42|0x0000000707200000, 0x0000000707200000, 0x0000000707300000|  0%| F|  |TAMS 0x0000000707200000, 0x0000000707200000| Untracked 
|  43|0x0000000707300000, 0x0000000707300000, 0x0000000707400000|  0%| F|  |TAMS 0x0000000707300000, 0x0000000707300000| Untracked 
|  44|0x0000000707400000, 0x0000000707400000, 0x0000000707500000|  0%| F|  |TAMS 0x0000000707400000, 0x0000000707400000| Untracked 
|  45|0x0000000707500000, 0x0000000707500000, 0x0000000707600000|  0%| F|  |TAMS 0x0000000707500000, 0x0000000707500000| Untracked 
|  46|0x0000000707600000, 0x0000000707600000, 0x0000000707700000|  0%| F|  |TAMS 0x0000000707600000, 0x0000000707600000| Untracked 
|  47|0x0000000707700000, 0x0000000707700000, 0x0000000707800000|  0%| F|  |TAMS 0x0000000707700000, 0x0000000707700000| Untracked 
|  48|0x0000000707800000, 0x0000000707800000, 0x0000000707900000|  0%| F|  |TAMS 0x0000000707800000, 0x0000000707800000| Untracked 
|  49|0x0000000707900000, 0x0000000707900000, 0x0000000707a00000|  0%| F|  |TAMS 0x0000000707900000, 0x0000000707900000| Untracked 
|  50|0x0000000707a00000, 0x0000000707a00000, 0x0000000707b00000|  0%| F|  |TAMS 0x0000000707a00000, 0x0000000707a00000| Untracked 
|  51|0x0000000707b00000, 0x0000000707b00000, 0x0000000707c00000|  0%| F|  |TAMS 0x0000000707b00000, 0x0000000707b00000| Untracked 
|  52|0x0000000707c00000, 0x0000000707c00000, 0x0000000707d00000|  0%| F|  |TAMS 0x0000000707c00000, 0x0000000707c00000| Untracked 
|  53|0x0000000707d00000, 0x0000000707d00000, 0x0000000707e00000|  0%| F|  |TAMS 0x0000000707d00000, 0x0000000707d00000| Untracked 
|  54|0x0000000707e00000, 0x0000000707e00000, 0x0000000707f00000|  0%| F|  |TAMS 0x0000000707e00000, 0x0000000707e00000| Untracked 
|  55|0x0000000707f00000, 0x0000000707f00000, 0x0000000708000000|  0%| F|  |TAMS 0x0000000707f00000, 0x0000000707f00000| Untracked 
|  56|0x0000000708000000, 0x0000000708000000, 0x0000000708100000|  0%| F|  |TAMS 0x0000000708000000, 0x0000000708000000| Untracked 
|  57|0x0000000708100000, 0x0000000708100000, 0x0000000708200000|  0%| F|  |TAMS 0x0000000708100000, 0x0000000708100000| Untracked 
|  58|0x0000000708200000, 0x0000000708200000, 0x0000000708300000|  0%| F|  |TAMS 0x0000000708200000, 0x0000000708200000| Untracked 
|  59|0x0000000708300000, 0x0000000708300000, 0x0000000708400000|  0%| F|  |TAMS 0x0000000708300000, 0x0000000708300000| Untracked 
|  60|0x0000000708400000, 0x0000000708400000, 0x0000000708500000|  0%| F|  |TAMS 0x0000000708400000, 0x0000000708400000| Untracked 
|  61|0x0000000708500000, 0x0000000708500000, 0x0000000708600000|  0%| F|  |TAMS 0x0000000708500000, 0x0000000708500000| Untracked 
|  62|0x0000000708600000, 0x0000000708600000, 0x0000000708700000|  0%| F|  |TAMS 0x0000000708600000, 0x0000000708600000| Untracked 
|  63|0x0000000708700000, 0x0000000708700000, 0x0000000708800000|  0%| F|  |TAMS 0x0000000708700000, 0x0000000708700000| Untracked 
|  64|0x0000000708800000, 0x0000000708800000, 0x0000000708900000|  0%| F|  |TAMS 0x0000000708800000, 0x0000000708800000| Untracked 
|  65|0x0000000708900000, 0x0000000708900000, 0x0000000708a00000|  0%| F|  |TAMS 0x0000000708900000, 0x0000000708900000| Untracked 
|  66|0x0000000708a00000, 0x0000000708a00000, 0x0000000708b00000|  0%| F|  |TAMS 0x0000000708a00000, 0x0000000708a00000| Untracked 
|  67|0x0000000708b00000, 0x0000000708b00000, 0x0000000708c00000|  0%| F|  |TAMS 0x0000000708b00000, 0x0000000708b00000| Untracked 
|  68|0x0000000708c00000, 0x0000000708c00000, 0x0000000708d00000|  0%| F|  |TAMS 0x0000000708c00000, 0x0000000708c00000| Untracked 
|  69|0x0000000708d00000, 0x0000000708d00000, 0x0000000708e00000|  0%| F|  |TAMS 0x0000000708d00000, 0x0000000708d00000| Untracked 
|  70|0x0000000708e00000, 0x0000000708e00000, 0x0000000708f00000|  0%| F|  |TAMS 0x0000000708e00000, 0x0000000708e00000| Untracked 
|  71|0x0000000708f00000, 0x0000000708f00000, 0x0000000709000000|  0%| F|  |TAMS 0x0000000708f00000, 0x0000000708f00000| Untracked 
|  72|0x0000000709000000, 0x0000000709000000, 0x0000000709100000|  0%| F|  |TAMS 0x0000000709000000, 0x0000000709000000| Untracked 
|  73|0x0000000709100000, 0x0000000709100000, 0x0000000709200000|  0%| F|  |TAMS 0x0000000709100000, 0x0000000709100000| Untracked 
|  74|0x0000000709200000, 0x0000000709200000, 0x0000000709300000|  0%| F|  |TAMS 0x0000000709200000, 0x0000000709200000| Untracked 
|  75|0x0000000709300000, 0x0000000709300000, 0x0000000709400000|  0%| F|  |TAMS 0x0000000709300000, 0x0000000709300000| Untracked 
|  76|0x0000000709400000, 0x0000000709400000, 0x0000000709500000|  0%| F|  |TAMS 0x0000000709400000, 0x0000000709400000| Untracked 
|  77|0x0000000709500000, 0x0000000709500000, 0x0000000709600000|  0%| F|  |TAMS 0x0000000709500000, 0x0000000709500000| Untracked 
|  78|0x0000000709600000, 0x0000000709600000, 0x0000000709700000|  0%| F|  |TAMS 0x0000000709600000, 0x0000000709600000| Untracked 
|  79|0x0000000709700000, 0x0000000709700000, 0x0000000709800000|  0%| F|  |TAMS 0x0000000709700000, 0x0000000709700000| Untracked 
|  80|0x0000000709800000, 0x0000000709800000, 0x0000000709900000|  0%| F|  |TAMS 0x0000000709800000, 0x0000000709800000| Untracked 
|  81|0x0000000709900000, 0x0000000709900000, 0x0000000709a00000|  0%| F|  |TAMS 0x0000000709900000, 0x0000000709900000| Untracked 
|  82|0x0000000709a00000, 0x0000000709a00000, 0x0000000709b00000|  0%| F|  |TAMS 0x0000000709a00000, 0x0000000709a00000| Untracked 
|  83|0x0000000709b00000, 0x0000000709b00000, 0x0000000709c00000|  0%| F|  |TAMS 0x0000000709b00000, 0x0000000709b00000| Untracked 
|  84|0x0000000709c00000, 0x0000000709c00000, 0x0000000709d00000|  0%| F|  |TAMS 0x0000000709c00000, 0x0000000709c00000| Untracked 
|  85|0x0000000709d00000, 0x0000000709d00000, 0x0000000709e00000|  0%| F|  |TAMS 0x0000000709d00000, 0x0000000709d00000| Untracked 
|  86|0x0000000709e00000, 0x0000000709e00000, 0x0000000709f00000|  0%| F|  |TAMS 0x0000000709e00000, 0x0000000709e00000| Untracked 
|  87|0x0000000709f00000, 0x0000000709f00000, 0x000000070a000000|  0%| F|  |TAMS 0x0000000709f00000, 0x0000000709f00000| Untracked 
|  88|0x000000070a000000, 0x000000070a000000, 0x000000070a100000|  0%| F|  |TAMS 0x000000070a000000, 0x000000070a000000| Untracked 
|  89|0x000000070a100000, 0x000000070a100000, 0x000000070a200000|  0%| F|  |TAMS 0x000000070a100000, 0x000000070a100000| Untracked 
|  90|0x000000070a200000, 0x000000070a200000, 0x000000070a300000|  0%| F|  |TAMS 0x000000070a200000, 0x000000070a200000| Untracked 
|  91|0x000000070a300000, 0x000000070a300000, 0x000000070a400000|  0%| F|  |TAMS 0x000000070a300000, 0x000000070a300000| Untracked 
|  92|0x000000070a400000, 0x000000070a400000, 0x000000070a500000|  0%| F|  |TAMS 0x000000070a400000, 0x000000070a400000| Untracked 
|  93|0x000000070a500000, 0x000000070a500000, 0x000000070a600000|  0%| F|  |TAMS 0x000000070a500000, 0x000000070a500000| Untracked 
|  94|0x000000070a600000, 0x000000070a600000, 0x000000070a700000|  0%| F|  |TAMS 0x000000070a600000, 0x000000070a600000| Untracked 
|  95|0x000000070a700000, 0x000000070a700000, 0x000000070a800000|  0%| F|  |TAMS 0x000000070a700000, 0x000000070a700000| Untracked 
|  96|0x000000070a800000, 0x000000070a800000, 0x000000070a900000|  0%| F|  |TAMS 0x000000070a800000, 0x000000070a800000| Untracked 
|  97|0x000000070a900000, 0x000000070a900000, 0x000000070aa00000|  0%| F|  |TAMS 0x000000070a900000, 0x000000070a900000| Untracked 
|  98|0x000000070aa00000, 0x000000070aa00000, 0x000000070ab00000|  0%| F|  |TAMS 0x000000070aa00000, 0x000000070aa00000| Untracked 
|  99|0x000000070ab00000, 0x000000070ab00000, 0x000000070ac00000|  0%| F|  |TAMS 0x000000070ab00000, 0x000000070ab00000| Untracked 
| 100|0x000000070ac00000, 0x000000070ac00000, 0x000000070ad00000|  0%| F|  |TAMS 0x000000070ac00000, 0x000000070ac00000| Untracked 
| 101|0x000000070ad00000, 0x000000070ad00000, 0x000000070ae00000|  0%| F|  |TAMS 0x000000070ad00000, 0x000000070ad00000| Untracked 
| 102|0x000000070ae00000, 0x000000070ae00000, 0x000000070af00000|  0%| F|  |TAMS 0x000000070ae00000, 0x000000070ae00000| Untracked 
| 103|0x000000070af00000, 0x000000070af00000, 0x000000070b000000|  0%| F|  |TAMS 0x000000070af00000, 0x000000070af00000| Untracked 
| 104|0x000000070b000000, 0x000000070b000000, 0x000000070b100000|  0%| F|  |TAMS 0x000000070b000000, 0x000000070b000000| Untracked 
| 105|0x000000070b100000, 0x000000070b100000, 0x000000070b200000|  0%| F|  |TAMS 0x000000070b100000, 0x000000070b100000| Untracked 
| 106|0x000000070b200000, 0x000000070b200000, 0x000000070b300000|  0%| F|  |TAMS 0x000000070b200000, 0x000000070b200000| Untracked 
| 107|0x000000070b300000, 0x000000070b300000, 0x000000070b400000|  0%| F|  |TAMS 0x000000070b300000, 0x000000070b300000| Untracked 
| 108|0x000000070b400000, 0x000000070b400000, 0x000000070b500000|  0%| F|  |TAMS 0x000000070b400000, 0x000000070b400000| Untracked 
| 109|0x000000070b500000, 0x000000070b500000, 0x000000070b600000|  0%| F|  |TAMS 0x000000070b500000, 0x000000070b500000| Untracked 
| 110|0x000000070b600000, 0x000000070b600000, 0x000000070b700000|  0%| F|  |TAMS 0x000000070b600000, 0x000000070b600000| Untracked 
| 111|0x000000070b700000, 0x000000070b700000, 0x000000070b800000|  0%| F|  |TAMS 0x000000070b700000, 0x000000070b700000| Untracked 
| 112|0x000000070b800000, 0x000000070b800000, 0x000000070b900000|  0%| F|  |TAMS 0x000000070b800000, 0x000000070b800000| Untracked 
| 113|0x000000070b900000, 0x000000070b900000, 0x000000070ba00000|  0%| F|  |TAMS 0x000000070b900000, 0x000000070b900000| Untracked 
| 114|0x000000070ba00000, 0x000000070ba00000, 0x000000070bb00000|  0%| F|  |TAMS 0x000000070ba00000, 0x000000070ba00000| Untracked 
| 115|0x000000070bb00000, 0x000000070bb00000, 0x000000070bc00000|  0%| F|  |TAMS 0x000000070bb00000, 0x000000070bb00000| Untracked 
| 116|0x000000070bc00000, 0x000000070bc00000, 0x000000070bd00000|  0%| F|  |TAMS 0x000000070bc00000, 0x000000070bc00000| Untracked 
| 117|0x000000070bd00000, 0x000000070bd00000, 0x000000070be00000|  0%| F|  |TAMS 0x000000070bd00000, 0x000000070bd00000| Untracked 
| 118|0x000000070be00000, 0x000000070be00000, 0x000000070bf00000|  0%| F|  |TAMS 0x000000070be00000, 0x000000070be00000| Untracked 
| 119|0x000000070bf00000, 0x000000070bf00000, 0x000000070c000000|  0%| F|  |TAMS 0x000000070bf00000, 0x000000070bf00000| Untracked 
| 120|0x000000070c000000, 0x000000070c000000, 0x000000070c100000|  0%| F|  |TAMS 0x000000070c000000, 0x000000070c000000| Untracked 
| 121|0x000000070c100000, 0x000000070c100000, 0x000000070c200000|  0%| F|  |TAMS 0x000000070c100000, 0x000000070c100000| Untracked 
| 122|0x000000070c200000, 0x000000070c200000, 0x000000070c300000|  0%| F|  |TAMS 0x000000070c200000, 0x000000070c200000| Untracked 
| 123|0x000000070c300000, 0x000000070c300000, 0x000000070c400000|  0%| F|  |TAMS 0x000000070c300000, 0x000000070c300000| Untracked 
| 124|0x000000070c400000, 0x000000070c400000, 0x000000070c500000|  0%| F|  |TAMS 0x000000070c400000, 0x000000070c400000| Untracked 
| 125|0x000000070c500000, 0x000000070c500000, 0x000000070c600000|  0%| F|  |TAMS 0x000000070c500000, 0x000000070c500000| Untracked 
| 126|0x000000070c600000, 0x000000070c600000, 0x000000070c700000|  0%| F|  |TAMS 0x000000070c600000, 0x000000070c600000| Untracked 
| 127|0x000000070c700000, 0x000000070c700000, 0x000000070c800000|  0%| F|  |TAMS 0x000000070c700000, 0x000000070c700000| Untracked 
| 128|0x000000070c800000, 0x000000070c800000, 0x000000070c900000|  0%| F|  |TAMS 0x000000070c800000, 0x000000070c800000| Untracked 
| 129|0x000000070c900000, 0x000000070c900000, 0x000000070ca00000|  0%| F|  |TAMS 0x000000070c900000, 0x000000070c900000| Untracked 
| 130|0x000000070ca00000, 0x000000070ca00000, 0x000000070cb00000|  0%| F|  |TAMS 0x000000070ca00000, 0x000000070ca00000| Untracked 
| 131|0x000000070cb00000, 0x000000070cb00000, 0x000000070cc00000|  0%| F|  |TAMS 0x000000070cb00000, 0x000000070cb00000| Untracked 
| 132|0x000000070cc00000, 0x000000070cc00000, 0x000000070cd00000|  0%| F|  |TAMS 0x000000070cc00000, 0x000000070cc00000| Untracked 
| 133|0x000000070cd00000, 0x000000070cd00000, 0x000000070ce00000|  0%| F|  |TAMS 0x000000070cd00000, 0x000000070cd00000| Untracked 
| 134|0x000000070ce00000, 0x000000070ce00000, 0x000000070cf00000|  0%| F|  |TAMS 0x000000070ce00000, 0x000000070ce00000| Untracked 
| 135|0x000000070cf00000, 0x000000070cf00000, 0x000000070d000000|  0%| F|  |TAMS 0x000000070cf00000, 0x000000070cf00000| Untracked 
| 136|0x000000070d000000, 0x000000070d000000, 0x000000070d100000|  0%| F|  |TAMS 0x000000070d000000, 0x000000070d000000| Untracked 
| 137|0x000000070d100000, 0x000000070d100000, 0x000000070d200000|  0%| F|  |TAMS 0x000000070d100000, 0x000000070d100000| Untracked 
| 138|0x000000070d200000, 0x000000070d200000, 0x000000070d300000|  0%| F|  |TAMS 0x000000070d200000, 0x000000070d200000| Untracked 
| 139|0x000000070d300000, 0x000000070d300000, 0x000000070d400000|  0%| F|  |TAMS 0x000000070d300000, 0x000000070d300000| Untracked 
| 140|0x000000070d400000, 0x000000070d400000, 0x000000070d500000|  0%| F|  |TAMS 0x000000070d400000, 0x000000070d400000| Untracked 
| 141|0x000000070d500000, 0x000000070d500000, 0x000000070d600000|  0%| F|  |TAMS 0x000000070d500000, 0x000000070d500000| Untracked 
| 142|0x000000070d600000, 0x000000070d600000, 0x000000070d700000|  0%| F|  |TAMS 0x000000070d600000, 0x000000070d600000| Untracked 
| 143|0x000000070d700000, 0x000000070d700000, 0x000000070d800000|  0%| F|  |TAMS 0x000000070d700000, 0x000000070d700000| Untracked 
| 144|0x000000070d800000, 0x000000070d800000, 0x000000070d900000|  0%| F|  |TAMS 0x000000070d800000, 0x000000070d800000| Untracked 
| 145|0x000000070d900000, 0x000000070d900000, 0x000000070da00000|  0%| F|  |TAMS 0x000000070d900000, 0x000000070d900000| Untracked 
| 146|0x000000070da00000, 0x000000070da00000, 0x000000070db00000|  0%| F|  |TAMS 0x000000070da00000, 0x000000070da00000| Untracked 
| 147|0x000000070db00000, 0x000000070db00000, 0x000000070dc00000|  0%| F|  |TAMS 0x000000070db00000, 0x000000070db00000| Untracked 
| 148|0x000000070dc00000, 0x000000070dc00000, 0x000000070dd00000|  0%| F|  |TAMS 0x000000070dc00000, 0x000000070dc00000| Untracked 
| 149|0x000000070dd00000, 0x000000070dd00000, 0x000000070de00000|  0%| F|  |TAMS 0x000000070dd00000, 0x000000070dd00000| Untracked 
| 150|0x000000070de00000, 0x000000070de00000, 0x000000070df00000|  0%| F|  |TAMS 0x000000070de00000, 0x000000070de00000| Untracked 
| 151|0x000000070df00000, 0x000000070df00000, 0x000000070e000000|  0%| F|  |TAMS 0x000000070df00000, 0x000000070df00000| Untracked 
| 152|0x000000070e000000, 0x000000070e000000, 0x000000070e100000|  0%| F|  |TAMS 0x000000070e000000, 0x000000070e000000| Untracked 
| 153|0x000000070e100000, 0x000000070e100000, 0x000000070e200000|  0%| F|  |TAMS 0x000000070e100000, 0x000000070e100000| Untracked 
| 154|0x000000070e200000, 0x000000070e200000, 0x000000070e300000|  0%| F|  |TAMS 0x000000070e200000, 0x000000070e200000| Untracked 
| 155|0x000000070e300000, 0x000000070e300000, 0x000000070e400000|  0%| F|  |TAMS 0x000000070e300000, 0x000000070e300000| Untracked 
| 156|0x000000070e400000, 0x000000070e400000, 0x000000070e500000|  0%| F|  |TAMS 0x000000070e400000, 0x000000070e400000| Untracked 
| 157|0x000000070e500000, 0x000000070e500000, 0x000000070e600000|  0%| F|  |TAMS 0x000000070e500000, 0x000000070e500000| Untracked 
| 158|0x000000070e600000, 0x000000070e600000, 0x000000070e700000|  0%| F|  |TAMS 0x000000070e600000, 0x000000070e600000| Untracked 
| 159|0x000000070e700000, 0x000000070e700000, 0x000000070e800000|  0%| F|  |TAMS 0x000000070e700000, 0x000000070e700000| Untracked 
| 160|0x000000070e800000, 0x000000070e800000, 0x000000070e900000|  0%| F|  |TAMS 0x000000070e800000, 0x000000070e800000| Untracked 
| 161|0x000000070e900000, 0x000000070e900000, 0x000000070ea00000|  0%| F|  |TAMS 0x000000070e900000, 0x000000070e900000| Untracked 
| 162|0x000000070ea00000, 0x000000070ea00000, 0x000000070eb00000|  0%| F|  |TAMS 0x000000070ea00000, 0x000000070ea00000| Untracked 
| 163|0x000000070eb00000, 0x000000070eb00000, 0x000000070ec00000|  0%| F|  |TAMS 0x000000070eb00000, 0x000000070eb00000| Untracked 
| 164|0x000000070ec00000, 0x000000070ec00000, 0x000000070ed00000|  0%| F|  |TAMS 0x000000070ec00000, 0x000000070ec00000| Untracked 
| 165|0x000000070ed00000, 0x000000070ed00000, 0x000000070ee00000|  0%| F|  |TAMS 0x000000070ed00000, 0x000000070ed00000| Untracked 
| 166|0x000000070ee00000, 0x000000070ee00000, 0x000000070ef00000|  0%| F|  |TAMS 0x000000070ee00000, 0x000000070ee00000| Untracked 
| 167|0x000000070ef00000, 0x000000070ef00000, 0x000000070f000000|  0%| F|  |TAMS 0x000000070ef00000, 0x000000070ef00000| Untracked 
| 168|0x000000070f000000, 0x000000070f000000, 0x000000070f100000|  0%| F|  |TAMS 0x000000070f000000, 0x000000070f000000| Untracked 
| 169|0x000000070f100000, 0x000000070f100000, 0x000000070f200000|  0%| F|  |TAMS 0x000000070f100000, 0x000000070f100000| Untracked 
| 170|0x000000070f200000, 0x000000070f200000, 0x000000070f300000|  0%| F|  |TAMS 0x000000070f200000, 0x000000070f200000| Untracked 
| 171|0x000000070f300000, 0x000000070f300000, 0x000000070f400000|  0%| F|  |TAMS 0x000000070f300000, 0x000000070f300000| Untracked 
| 172|0x000000070f400000, 0x000000070f400000, 0x000000070f500000|  0%| F|  |TAMS 0x000000070f400000, 0x000000070f400000| Untracked 
| 173|0x000000070f500000, 0x000000070f500000, 0x000000070f600000|  0%| F|  |TAMS 0x000000070f500000, 0x000000070f500000| Untracked 
| 174|0x000000070f600000, 0x000000070f600000, 0x000000070f700000|  0%| F|  |TAMS 0x000000070f600000, 0x000000070f600000| Untracked 
| 175|0x000000070f700000, 0x000000070f700000, 0x000000070f800000|  0%| F|  |TAMS 0x000000070f700000, 0x000000070f700000| Untracked 
| 176|0x000000070f800000, 0x000000070f800000, 0x000000070f900000|  0%| F|  |TAMS 0x000000070f800000, 0x000000070f800000| Untracked 
| 177|0x000000070f900000, 0x000000070f900000, 0x000000070fa00000|  0%| F|  |TAMS 0x000000070f900000, 0x000000070f900000| Untracked 
| 178|0x000000070fa00000, 0x000000070fa00000, 0x000000070fb00000|  0%| F|  |TAMS 0x000000070fa00000, 0x000000070fa00000| Untracked 
| 179|0x000000070fb00000, 0x000000070fb00000, 0x000000070fc00000|  0%| F|  |TAMS 0x000000070fb00000, 0x000000070fb00000| Untracked 
| 180|0x000000070fc00000, 0x000000070fc00000, 0x000000070fd00000|  0%| F|  |TAMS 0x000000070fc00000, 0x000000070fc00000| Untracked 
| 181|0x000000070fd00000, 0x000000070fd00000, 0x000000070fe00000|  0%| F|  |TAMS 0x000000070fd00000, 0x000000070fd00000| Untracked 
| 182|0x000000070fe00000, 0x000000070fe00000, 0x000000070ff00000|  0%| F|  |TAMS 0x000000070fe00000, 0x000000070fe00000| Untracked 
| 183|0x000000070ff00000, 0x000000070ff00000, 0x0000000710000000|  0%| F|  |TAMS 0x000000070ff00000, 0x000000070ff00000| Untracked 
| 184|0x0000000710000000, 0x0000000710000000, 0x0000000710100000|  0%| F|  |TAMS 0x0000000710000000, 0x0000000710000000| Untracked 
| 185|0x0000000710100000, 0x0000000710100000, 0x0000000710200000|  0%| F|  |TAMS 0x0000000710100000, 0x0000000710100000| Untracked 
| 186|0x0000000710200000, 0x0000000710200000, 0x0000000710300000|  0%| F|  |TAMS 0x0000000710200000, 0x0000000710200000| Untracked 
| 187|0x0000000710300000, 0x0000000710300000, 0x0000000710400000|  0%| F|  |TAMS 0x0000000710300000, 0x0000000710300000| Untracked 
| 188|0x0000000710400000, 0x0000000710400000, 0x0000000710500000|  0%| F|  |TAMS 0x0000000710400000, 0x0000000710400000| Untracked 
| 189|0x0000000710500000, 0x0000000710500000, 0x0000000710600000|  0%| F|  |TAMS 0x0000000710500000, 0x0000000710500000| Untracked 
| 190|0x0000000710600000, 0x0000000710600000, 0x0000000710700000|  0%| F|  |TAMS 0x0000000710600000, 0x0000000710600000| Untracked 
| 191|0x0000000710700000, 0x0000000710700000, 0x0000000710800000|  0%| F|  |TAMS 0x0000000710700000, 0x0000000710700000| Untracked 
| 192|0x0000000710800000, 0x0000000710800000, 0x0000000710900000|  0%| F|  |TAMS 0x0000000710800000, 0x0000000710800000| Untracked 
| 193|0x0000000710900000, 0x0000000710900000, 0x0000000710a00000|  0%| F|  |TAMS 0x0000000710900000, 0x0000000710900000| Untracked 
| 194|0x0000000710a00000, 0x0000000710a00000, 0x0000000710b00000|  0%| F|  |TAMS 0x0000000710a00000, 0x0000000710a00000| Untracked 
| 195|0x0000000710b00000, 0x0000000710b00000, 0x0000000710c00000|  0%| F|  |TAMS 0x0000000710b00000, 0x0000000710b00000| Untracked 
| 196|0x0000000710c00000, 0x0000000710c00000, 0x0000000710d00000|  0%| F|  |TAMS 0x0000000710c00000, 0x0000000710c00000| Untracked 
| 197|0x0000000710d00000, 0x0000000710d00000, 0x0000000710e00000|  0%| F|  |TAMS 0x0000000710d00000, 0x0000000710d00000| Untracked 
| 198|0x0000000710e00000, 0x0000000710e00000, 0x0000000710f00000|  0%| F|  |TAMS 0x0000000710e00000, 0x0000000710e00000| Untracked 
| 199|0x0000000710f00000, 0x0000000710f00000, 0x0000000711000000|  0%| F|  |TAMS 0x0000000710f00000, 0x0000000710f00000| Untracked 
| 200|0x0000000711000000, 0x0000000711000000, 0x0000000711100000|  0%| F|  |TAMS 0x0000000711000000, 0x0000000711000000| Untracked 
| 201|0x0000000711100000, 0x0000000711200000, 0x0000000711200000|100%| E|  |TAMS 0x0000000711100000, 0x0000000711100000| Complete 
| 202|0x0000000711200000, 0x0000000711300000, 0x0000000711300000|100%| E|CS|TAMS 0x0000000711200000, 0x0000000711200000| Complete 
| 203|0x0000000711300000, 0x0000000711400000, 0x0000000711400000|100%| E|CS|TAMS 0x0000000711300000, 0x0000000711300000| Complete 
| 204|0x0000000711400000, 0x0000000711500000, 0x0000000711500000|100%| E|CS|TAMS 0x0000000711400000, 0x0000000711400000| Complete 
| 205|0x0000000711500000, 0x0000000711600000, 0x0000000711600000|100%| E|CS|TAMS 0x0000000711500000, 0x0000000711500000| Complete 
| 206|0x0000000711600000, 0x0000000711700000, 0x0000000711700000|100%| E|CS|TAMS 0x0000000711600000, 0x0000000711600000| Complete 
| 207|0x0000000711700000, 0x000000071178bb60, 0x0000000711800000| 54%| S|CS|TAMS 0x0000000711700000, 0x0000000711700000| Complete 
| 208|0x0000000711800000, 0x0000000711900000, 0x0000000711900000|100%| S|CS|TAMS 0x0000000711800000, 0x0000000711800000| Complete 
| 209|0x0000000711900000, 0x0000000711a00000, 0x0000000711a00000|100%| S|CS|TAMS 0x0000000711900000, 0x0000000711900000| Complete 
| 210|0x0000000711a00000, 0x0000000711b00000, 0x0000000711b00000|100%| S|CS|TAMS 0x0000000711a00000, 0x0000000711a00000| Complete 
| 211|0x0000000711b00000, 0x0000000711c00000, 0x0000000711c00000|100%| S|CS|TAMS 0x0000000711b00000, 0x0000000711b00000| Complete 
| 212|0x0000000711c00000, 0x0000000711d00000, 0x0000000711d00000|100%| S|CS|TAMS 0x0000000711c00000, 0x0000000711c00000| Complete 
| 213|0x0000000711d00000, 0x0000000711e00000, 0x0000000711e00000|100%| S|CS|TAMS 0x0000000711d00000, 0x0000000711d00000| Complete 
| 214|0x0000000711e00000, 0x0000000711f00000, 0x0000000711f00000|100%| E|CS|TAMS 0x0000000711e00000, 0x0000000711e00000| Complete 
| 215|0x0000000711f00000, 0x0000000712000000, 0x0000000712000000|100%| E|CS|TAMS 0x0000000711f00000, 0x0000000711f00000| Complete 
| 216|0x0000000712000000, 0x0000000712100000, 0x0000000712100000|100%| E|CS|TAMS 0x0000000712000000, 0x0000000712000000| Complete 
| 217|0x0000000712100000, 0x0000000712200000, 0x0000000712200000|100%| E|CS|TAMS 0x0000000712100000, 0x0000000712100000| Complete 
| 218|0x0000000712200000, 0x0000000712300000, 0x0000000712300000|100%| E|CS|TAMS 0x0000000712200000, 0x0000000712200000| Complete 
| 219|0x0000000712300000, 0x0000000712400000, 0x0000000712400000|100%| E|CS|TAMS 0x0000000712300000, 0x0000000712300000| Complete 
| 220|0x0000000712400000, 0x0000000712500000, 0x0000000712500000|100%| E|CS|TAMS 0x0000000712400000, 0x0000000712400000| Complete 
| 221|0x0000000712500000, 0x0000000712600000, 0x0000000712600000|100%| E|CS|TAMS 0x0000000712500000, 0x0000000712500000| Complete 
| 222|0x0000000712600000, 0x0000000712700000, 0x0000000712700000|100%| E|CS|TAMS 0x0000000712600000, 0x0000000712600000| Complete 
| 223|0x0000000712700000, 0x0000000712800000, 0x0000000712800000|100%| E|CS|TAMS 0x0000000712700000, 0x0000000712700000| Complete 
| 224|0x0000000712800000, 0x0000000712900000, 0x0000000712900000|100%| E|CS|TAMS 0x0000000712800000, 0x0000000712800000| Complete 
| 225|0x0000000712900000, 0x0000000712a00000, 0x0000000712a00000|100%| E|CS|TAMS 0x0000000712900000, 0x0000000712900000| Complete 
| 226|0x0000000712a00000, 0x0000000712b00000, 0x0000000712b00000|100%| E|CS|TAMS 0x0000000712a00000, 0x0000000712a00000| Complete 
| 227|0x0000000712b00000, 0x0000000712c00000, 0x0000000712c00000|100%| E|CS|TAMS 0x0000000712b00000, 0x0000000712b00000| Complete 
| 228|0x0000000712c00000, 0x0000000712d00000, 0x0000000712d00000|100%| E|CS|TAMS 0x0000000712c00000, 0x0000000712c00000| Complete 
| 229|0x0000000712d00000, 0x0000000712e00000, 0x0000000712e00000|100%| E|CS|TAMS 0x0000000712d00000, 0x0000000712d00000| Complete 
| 230|0x0000000712e00000, 0x0000000712f00000, 0x0000000712f00000|100%| E|CS|TAMS 0x0000000712e00000, 0x0000000712e00000| Complete 
| 231|0x0000000712f00000, 0x0000000713000000, 0x0000000713000000|100%| E|CS|TAMS 0x0000000712f00000, 0x0000000712f00000| Complete 
| 232|0x0000000713000000, 0x0000000713100000, 0x0000000713100000|100%| E|CS|TAMS 0x0000000713000000, 0x0000000713000000| Complete 
| 233|0x0000000713100000, 0x0000000713200000, 0x0000000713200000|100%| E|CS|TAMS 0x0000000713100000, 0x0000000713100000| Complete 
| 234|0x0000000713200000, 0x0000000713300000, 0x0000000713300000|100%| E|CS|TAMS 0x0000000713200000, 0x0000000713200000| Complete 
| 235|0x0000000713300000, 0x0000000713400000, 0x0000000713400000|100%| E|CS|TAMS 0x0000000713300000, 0x0000000713300000| Complete 
| 236|0x0000000713400000, 0x0000000713500000, 0x0000000713500000|100%| E|CS|TAMS 0x0000000713400000, 0x0000000713400000| Complete 
| 237|0x0000000713500000, 0x0000000713600000, 0x0000000713600000|100%| E|CS|TAMS 0x0000000713500000, 0x0000000713500000| Complete 
| 238|0x0000000713600000, 0x0000000713700000, 0x0000000713700000|100%| E|CS|TAMS 0x0000000713600000, 0x0000000713600000| Complete 
| 239|0x0000000713700000, 0x0000000713800000, 0x0000000713800000|100%| E|CS|TAMS 0x0000000713700000, 0x0000000713700000| Complete 
| 240|0x0000000713800000, 0x0000000713900000, 0x0000000713900000|100%| E|CS|TAMS 0x0000000713800000, 0x0000000713800000| Complete 
| 241|0x0000000713900000, 0x0000000713a00000, 0x0000000713a00000|100%| E|CS|TAMS 0x0000000713900000, 0x0000000713900000| Complete 
| 242|0x0000000713a00000, 0x0000000713b00000, 0x0000000713b00000|100%| E|CS|TAMS 0x0000000713a00000, 0x0000000713a00000| Complete 
| 243|0x0000000713b00000, 0x0000000713c00000, 0x0000000713c00000|100%| E|CS|TAMS 0x0000000713b00000, 0x0000000713b00000| Complete 
| 244|0x0000000713c00000, 0x0000000713d00000, 0x0000000713d00000|100%| E|CS|TAMS 0x0000000713c00000, 0x0000000713c00000| Complete 
| 245|0x0000000713d00000, 0x0000000713e00000, 0x0000000713e00000|100%| E|CS|TAMS 0x0000000713d00000, 0x0000000713d00000| Complete 
| 246|0x0000000713e00000, 0x0000000713f00000, 0x0000000713f00000|100%| E|CS|TAMS 0x0000000713e00000, 0x0000000713e00000| Complete 
| 247|0x0000000713f00000, 0x0000000714000000, 0x0000000714000000|100%| E|CS|TAMS 0x0000000713f00000, 0x0000000713f00000| Complete 
| 248|0x0000000714000000, 0x0000000714100000, 0x0000000714100000|100%| E|CS|TAMS 0x0000000714000000, 0x0000000714000000| Complete 
| 249|0x0000000714100000, 0x0000000714200000, 0x0000000714200000|100%| E|CS|TAMS 0x0000000714100000, 0x0000000714100000| Complete 
| 250|0x0000000714200000, 0x0000000714300000, 0x0000000714300000|100%| E|CS|TAMS 0x0000000714200000, 0x0000000714200000| Complete 
| 251|0x0000000714300000, 0x0000000714400000, 0x0000000714400000|100%| E|CS|TAMS 0x0000000714300000, 0x0000000714300000| Complete 

Card table byte_map: [0x00000257d4850000,0x00000257d5030000] _byte_map_base: 0x00000257d102c000

Marking Bits (Prev, Next): (CMBitMap*) 0x00000257c0f60228, (CMBitMap*) 0x00000257c0f60260
 Prev Bits: [0x00000257d5810000, 0x00000257d96f0000)
 Next Bits: [0x00000257d96f0000, 0x00000257dd5d0000)

Polling page: 0x00000257bf0d0000

Metaspace:

Usage:
  Non-class:     34.77 MB capacity,    34.28 MB ( 99%) used,   395.55 KB (  1%) free+waste,   101.56 KB ( <1%) overhead. 
      Class:      4.75 MB capacity,     4.42 MB ( 93%) used,   288.30 KB (  6%) free+waste,    46.75 KB ( <1%) overhead. 
       Both:     39.52 MB capacity,    38.70 MB ( 98%) used,   683.85 KB (  2%) free+waste,   148.31 KB ( <1%) overhead. 

Virtual space:
  Non-class space:       36.00 MB reserved,      34.92 MB ( 97%) committed 
      Class space:        1.00 GB reserved,       4.75 MB ( <1%) committed 
             Both:        1.04 GB reserved,      39.67 MB (  4%) committed 

Chunk freelists:
   Non-Class:  29.00 KB
       Class:  1.00 KB
        Both:  30.00 KB

MaxMetaspaceSize: 17179869184.00 GB
CompressedClassSpaceSize: 1.00 GB
Initial GC threshold: 20.80 MB
Current GC threshold: 58.83 MB
CDS: off

CodeHeap 'non-profiled nmethods': size=120000Kb used=1754Kb max_used=1754Kb free=118245Kb
 bounds [0x00000257cc5f0000, 0x00000257cc860000, 0x00000257d3b20000]
CodeHeap 'profiled nmethods': size=120000Kb used=6445Kb max_used=6445Kb free=113554Kb
 bounds [0x00000257c50c0000, 0x00000257c5710000, 0x00000257cc5f0000]
CodeHeap 'non-nmethods': size=5760Kb used=1386Kb max_used=1420Kb free=4373Kb
 bounds [0x00000257c4b20000, 0x00000257c4d90000, 0x00000257c50c0000]
 total_blobs=3557 nmethods=2955 adapters=522
 compilation: enabled
              stopped_count=0, restarted_count=0
 full_count=0

Compilation events (20 events):
Event: 5.967 Thread 0x00000257e0ca6800 nmethod 2943 0x00000257cc7a5a10 code [0x00000257cc7a5bc0, 0x00000257cc7a5f88]
Event: 5.967 Thread 0x00000257e0ca6800 2945       4       org.openqa.selenium.json.JsonOutput$$Lambda$301/0x00000008003f5840::accept (9 bytes)
Event: 5.967 Thread 0x00000257e0cb7800 2950       3       io.netty.util.internal.PlatformDependent::putByte (7 bytes)
Event: 5.967 Thread 0x00000257e0cb7800 nmethod 2950 0x00000257c5707710 code [0x00000257c57078c0, 0x00000257c5707ad8]
Event: 5.967 Thread 0x00000257e0cb7800 2951       3       io.netty.util.internal.PlatformDependent0::putByte (10 bytes)
Event: 5.968 Thread 0x00000257e0cb7800 nmethod 2951 0x00000257c5707c10 code [0x00000257c5707dc0, 0x00000257c5707f78]
Event: 5.968 Thread 0x00000257e0cb7800 2953       3       io.netty.buffer.LongPriorityQueue::isEmpty (13 bytes)
Event: 5.968 Thread 0x00000257e0cb7800 nmethod 2953 0x00000257c5708090 code [0x00000257c5708240, 0x00000257c5708398]
Event: 5.968 Thread 0x00000257e0cb7800 2952       3       io.netty.buffer.AbstractByteBuf::checkIndex (11 bytes)
Event: 5.968 Thread 0x00000257e0cb7800 nmethod 2952 0x00000257c5708410 code [0x00000257c5708620, 0x00000257c5708af8]
Event: 5.968 Thread 0x00000257e0cb7800 2954       1       io.netty.channel.socket.nio.NioSocketChannel::config (5 bytes)
Event: 5.969 Thread 0x00000257e0cb7800 nmethod 2954 0x00000257cc7a6290 code [0x00000257cc7a6440, 0x00000257cc7a64f8]
Event: 5.970 Thread 0x00000257e0cb7800 2955       3       io.netty.util.internal.InternalThreadLocalMap::get (23 bytes)
Event: 5.972 Thread 0x00000257e0cb7800 nmethod 2955 0x00000257c5708c90 code [0x00000257c5708f80, 0x00000257c570a688]
Event: 5.972 Thread 0x00000257e0cb7800 2956       3       io.netty.channel.AbstractChannelHandlerContext::skipContext (34 bytes)
Event: 5.972 Thread 0x00000257e0cb7800 nmethod 2956 0x00000257c570ac90 code [0x00000257c570ae60, 0x00000257c570b368]
Event: 5.972 Thread 0x00000257e0cb7800 2957       1       io.netty.channel.nio.AbstractNioChannel::javaChannel (5 bytes)
Event: 5.972 Thread 0x00000257e0cb7800 nmethod 2957 0x00000257cc7a6590 code [0x00000257cc7a6740, 0x00000257cc7a67f8]
Event: 5.972 Thread 0x00000257e0cb7800 2958       1       java.nio.channels.spi.AbstractSelectionKey::isValid (5 bytes)
Event: 5.973 Thread 0x00000257e0cb7800 nmethod 2958 0x00000257cc7a6890 code [0x00000257cc7a6a40, 0x00000257cc7a6af8]

GC Heap History (8 events):
Event: 0.352 GC heap before
{Heap before GC invocations=0 (full 0):
 garbage-first heap   total 258048K, used 27648K [0x0000000704800000, 0x0000000800000000)
  region size 1024K, 24 young (24576K), 0 survivors (0K)
 Metaspace       used 7112K, capacity 7219K, committed 7296K, reserved 1056768K
  class space    used 599K, capacity 638K, committed 640K, reserved 1048576K
}
Event: 0.357 GC heap after
{Heap after GC invocations=1 (full 0):
 garbage-first heap   total 258048K, used 9266K [0x0000000704800000, 0x0000000800000000)
  region size 1024K, 3 young (3072K), 3 survivors (3072K)
 Metaspace       used 7112K, capacity 7219K, committed 7296K, reserved 1056768K
  class space    used 599K, capacity 638K, committed 640K, reserved 1048576K
}
Event: 1.805 GC heap before
{Heap before GC invocations=1 (full 0):
 garbage-first heap   total 258048K, used 77874K [0x0000000704800000, 0x0000000800000000)
  region size 1024K, 72 young (73728K), 3 survivors (3072K)
 Metaspace       used 20732K, capacity 21160K, committed 21296K, reserved 1069056K
  class space    used 2186K, capacity 2371K, committed 2432K, reserved 1048576K
}
Event: 1.810 GC heap after
{Heap after GC invocations=2 (full 0):
 garbage-first heap   total 258048K, used 14352K [0x0000000704800000, 0x0000000800000000)
  region size 1024K, 9 young (9216K), 9 survivors (9216K)
 Metaspace       used 20732K, capacity 21160K, committed 21296K, reserved 1069056K
  class space    used 2186K, capacity 2371K, committed 2432K, reserved 1048576K
}
Event: 2.433 GC heap before
{Heap before GC invocations=3 (full 0):
 garbage-first heap   total 258048K, used 87056K [0x0000000704800000, 0x0000000800000000)
  region size 1024K, 80 young (81920K), 9 survivors (9216K)
 Metaspace       used 29858K, capacity 30457K, committed 30640K, reserved 1077248K
  class space    used 3266K, capacity 3484K, committed 3584K, reserved 1048576K
}
Event: 2.440 GC heap after
{Heap after GC invocations=4 (full 0):
 garbage-first heap   total 258048K, used 18906K [0x0000000704800000, 0x0000000800000000)
  region size 1024K, 5 young (5120K), 5 survivors (5120K)
 Metaspace       used 29858K, capacity 30457K, committed 30640K, reserved 1077248K
  class space    used 3266K, capacity 3484K, committed 3584K, reserved 1048576K
}
Event: 2.797 GC heap before
{Heap before GC invocations=4 (full 0):
 garbage-first heap   total 258048K, used 56794K [0x0000000704800000, 0x0000000800000000)
  region size 1024K, 43 young (44032K), 5 survivors (5120K)
 Metaspace       used 35086K, capacity 35813K, committed 35888K, reserved 1081344K
  class space    used 3923K, capacity 4209K, committed 4224K, reserved 1048576K
}
Event: 2.802 GC heap after
{Heap after GC invocations=5 (full 0):
 garbage-first heap   total 258048K, used 20656K [0x0000000704800000, 0x0000000800000000)
  region size 1024K, 7 young (7168K), 7 survivors (7168K)
 Metaspace       used 35086K, capacity 35813K, committed 35888K, reserved 1081344K
  class space    used 3923K, capacity 4209K, committed 4224K, reserved 1048576K
}

Deoptimization events (20 events):
Event: 5.910 Thread 0x00000257c0ef8000 DEOPT PACKING pc=0x00000257c52a7744 sp=0x000000eb676fca70
Event: 5.910 Thread 0x00000257c0ef8000 DEOPT UNPACKING pc=0x00000257c4b6a95e sp=0x000000eb676fbf08 mode 1
Event: 5.910 Thread 0x00000257c0ef8000 DEOPT PACKING pc=0x00000257c51f3964 sp=0x000000eb676fcb40
Event: 5.910 Thread 0x00000257c0ef8000 DEOPT UNPACKING pc=0x00000257c4b6a95e sp=0x000000eb676fbff8 mode 1
Event: 5.910 Thread 0x00000257c0ef8000 DEOPT PACKING pc=0x00000257c52b9454 sp=0x000000eb676fd5e0
Event: 5.910 Thread 0x00000257c0ef8000 DEOPT UNPACKING pc=0x00000257c4b6a95e sp=0x000000eb676fcad0 mode 1
Event: 5.910 Thread 0x00000257c0ef8000 DEOPT PACKING pc=0x00000257c547c294 sp=0x000000eb676fd620
Event: 5.910 Thread 0x00000257c0ef8000 DEOPT UNPACKING pc=0x00000257c4b6a95e sp=0x000000eb676fcaf0 mode 1
Event: 5.925 Thread 0x00000257c0ef8000 DEOPT PACKING pc=0x00000257c52a7744 sp=0x000000eb676fca70
Event: 5.925 Thread 0x00000257c0ef8000 DEOPT UNPACKING pc=0x00000257c4b6a95e sp=0x000000eb676fbf08 mode 1
Event: 5.925 Thread 0x00000257c0ef8000 DEOPT PACKING pc=0x00000257c51f3964 sp=0x000000eb676fcb40
Event: 5.925 Thread 0x00000257c0ef8000 DEOPT UNPACKING pc=0x00000257c4b6a95e sp=0x000000eb676fbff8 mode 1
Event: 5.925 Thread 0x00000257c0ef8000 DEOPT PACKING pc=0x00000257c52b9454 sp=0x000000eb676fd5e0
Event: 5.925 Thread 0x00000257c0ef8000 DEOPT UNPACKING pc=0x00000257c4b6a95e sp=0x000000eb676fcad0 mode 1
Event: 5.925 Thread 0x00000257c0ef8000 DEOPT PACKING pc=0x00000257c547c294 sp=0x000000eb676fd620
Event: 5.925 Thread 0x00000257c0ef8000 DEOPT UNPACKING pc=0x00000257c4b6a95e sp=0x000000eb676fcaf0 mode 1
Event: 5.956 Thread 0x00000257c0ef8000 Uncommon trap: trap_request=0xffffff4d fr.pc=0x00000257cc6bdc84 relative=0x0000000000000344
Event: 5.956 Thread 0x00000257c0ef8000 Uncommon trap: reason=unstable_if action=reinterpret pc=0x00000257cc6bdc84 method=java.lang.String.indexOf([BBILjava/lang/String;I)I @ 21 c2
Event: 5.956 Thread 0x00000257c0ef8000 DEOPT PACKING pc=0x00000257cc6bdc84 sp=0x000000eb676fcfa0
Event: 5.956 Thread 0x00000257c0ef8000 DEOPT UNPACKING pc=0x00000257c4b6a1af sp=0x000000eb676fcf28 mode 2

Classes redefined (0 events):
No events

Internal exceptions (20 events):
Event: 2.574 Thread 0x00000257c0ef8000 Exception <a 'java/lang/IncompatibleClassChangeError'{0x0000000712d80500}: Found class java.lang.Object, but interface was expected> (0x0000000712d80500) thrown at [./src/hotspot/share/interpreter/linkResolver.cpp, line 839]
Event: 2.575 Thread 0x00000257c0ef8000 Exception <a 'java/lang/NoSuchMethodError'{0x0000000712d89bf0}: 'int java.lang.invoke.DirectMethodHandle$Holder.invokeSpecialIFC(java.lang.Object, java.lang.Object, java.lang.Object, java.lang.Object)'> (0x0000000712d89bf0) thrown at [./src/hotspot/share/interpreter/linkResolver.cpp, line 773]
Event: 2.595 Thread 0x00000257e41d6800 Exception <a 'java/lang/NoSuchMethodError'{0x0000000712a31db8}: 'void java.lang.invoke.DirectMethodHandle$Holder.invokeStatic(java.lang.Object, long)'> (0x0000000712a31db8) thrown at [./src/hotspot/share/interpreter/linkResolver.cpp, line 773]
Event: 2.596 Thread 0x00000257e41d6800 Exception <a 'java/lang/NoSuchMethodError'{0x0000000712a36d28}: 'java.lang.Object java.lang.invoke.DirectMethodHandle$Holder.invokeStatic(java.lang.Object, long)'> (0x0000000712a36d28) thrown at [./src/hotspot/share/interpreter/linkResolver.cpp, line 773]
Event: 2.598 Thread 0x00000257e41d6800 Exception <a 'java/lang/NoSuchMethodError'{0x0000000712a47bf8}: 'java.lang.Object java.lang.invoke.DirectMethodHandle$Holder.invokeStaticInit(java.lang.Object, java.lang.Object, long, java.lang.Object)'> (0x0000000712a47bf8) thrown at [./src/hotspot/share/interpreter/linkResolver.cpp, line 773]
Event: 2.598 Thread 0x00000257e41d6800 Exception <a 'java/lang/NoSuchMethodError'{0x0000000712a4d620}: 'java.lang.Object java.lang.invoke.DirectMethodHandle$Holder.invokeStatic(java.lang.Object, java.lang.Object, long)'> (0x0000000712a4d620) thrown at [./src/hotspot/share/interpreter/linkResolver.cpp, line 773]
Event: 2.599 Thread 0x00000257e41d6800 Exception <a 'java/lang/NoSuchMethodError'{0x0000000712a538f0}: 'java.lang.Object java.lang.invoke.Invokers$Holder.linkToTargetMethod(java.lang.Object, long, java.lang.Object)'> (0x0000000712a538f0) thrown at [./src/hotspot/share/interpreter/linkResolver.cpp, line 773]
Event: 2.695 Thread 0x00000257c0ef8000 Exception <a 'java/lang/NoSuchMethodError'{0x0000000712788cc0}: 'double java.lang.invoke.DirectMethodHandle$Holder.invokeVirtual(java.lang.Object, java.lang.Object)'> (0x0000000712788cc0) thrown at [./src/hotspot/share/interpreter/linkResolver.cpp, line 773]
Event: 2.696 Thread 0x00000257c0ef8000 Exception <a 'java/lang/NoSuchMethodError'{0x000000071278ed28}: 'float java.lang.invoke.DirectMethodHandle$Holder.invokeVirtual(java.lang.Object, java.lang.Object)'> (0x000000071278ed28) thrown at [./src/hotspot/share/interpreter/linkResolver.cpp, line 773]
Event: 2.697 Thread 0x00000257c0ef8000 Exception <a 'java/lang/NoSuchMethodError'{0x0000000712797780}: 'long java.lang.invoke.DirectMethodHandle$Holder.invokeVirtual(java.lang.Object, java.lang.Object)'> (0x0000000712797780) thrown at [./src/hotspot/share/interpreter/linkResolver.cpp, line 773]
Event: 2.738 Thread 0x00000257c0ef8000 Exception <a 'java/lang/NoSuchMethodError'{0x00000007125f7398}: 'java.lang.Object java.lang.invoke.Invokers$Holder.linkToTargetMethod(java.lang.Object, int, int, java.lang.Object)'> (0x00000007125f7398) thrown at [./src/hotspot/share/interpreter/linkResolver.cpp, line 773]
Event: 2.739 Thread 0x00000257c0ef8000 Exception <a 'java/lang/NoSuchMethodError'{0x00000007125fac00}: 'void java.lang.invoke.DirectMethodHandle$Holder.invokeStatic(java.lang.Object, java.lang.Object, int)'> (0x00000007125fac00) thrown at [./src/hotspot/share/interpreter/linkResolver.cpp, line 773]
Event: 2.779 Thread 0x00000257c0ef8000 Exception <a 'java/lang/NoSuchMethodError'{0x00000007120473e0}: 'int java.lang.invoke.DirectMethodHandle$Holder.invokeSpecialIFC(java.lang.Object, java.lang.Object, java.lang.Object)'> (0x00000007120473e0) thrown at [./src/hotspot/share/interpreter/linkResolver.cpp, line 773]
Event: 2.839 Thread 0x00000257c0ef8000 Exception <a 'java/lang/NoSuchMethodError'{0x0000000713feb008}: 'void java.lang.invoke.DirectMethodHandle$Holder.invokeSpecial(java.lang.Object, java.lang.Object, java.lang.Object, java.lang.Object, java.lang.Object, java.lang.Object)'> (0x0000000713feb008) thrown at [./src/hotspot/share/interpreter/linkResolver.cpp, line 773]
Event: 3.987 Thread 0x00000257c0ef8000 Exception <a 'java/lang/NoSuchMethodError'{0x000000071299e860}: 'java.lang.Object java.lang.invoke.DirectMethodHandle$Holder.invokeSpecialIFC(java.lang.Object, java.lang.Object, java.lang.Object)'> (0x000000071299e860) thrown at [./src/hotspot/share/interpreter/linkResolver.cpp, line 773]
Event: 4.170 Thread 0x00000257c0ef8000 Exception <a 'java/lang/ClassNotFoundException'{0x0000000711f703b0}: sun/util/logging/resources/spi/loggingProvider> (0x0000000711f703b0) thrown at [./src/hotspot/share/classfile/systemDictionary.cpp, line 231]
Event: 4.235 Thread 0x00000257c0ef8000 Implicit null exception at 0x00000257cc78eb0f to 0x00000257cc793f9c
Event: 4.249 Thread 0x00000257c0ef8000 Exception <a 'java/lang/ClassNotFoundException'{0x00000007114239c8}: java/lang/StringEditor> (0x00000007114239c8) thrown at [./src/hotspot/share/classfile/systemDictionary.cpp, line 231]
Event: 5.910 Thread 0x00000257c0ef8000 Exception <a 'java/lang/ClassNotFoundException'{0x00000007114f1508}: java/lang/StringEditor> (0x00000007114f1508) thrown at [./src/hotspot/share/classfile/systemDictionary.cpp, line 231]
Event: 5.925 Thread 0x00000257c0ef8000 Exception <a 'java/lang/ClassNotFoundException'{0x00000007113f4238}: java/lang/StringEditor> (0x00000007113f4238) thrown at [./src/hotspot/share/classfile/systemDictionary.cpp, line 231]

Events (20 events):
Event: 5.953 loading class com/google/common/io/Resources
Event: 5.953 loading class com/google/common/io/Resources done
Event: 5.953 loading class com/google/common/io/LineProcessor
Event: 5.953 loading class com/google/common/io/LineProcessor done
Event: 5.954 loading class com/google/common/io/Resources$UrlByteSource
Event: 5.954 loading class com/google/common/io/Resources$UrlByteSource done
Event: 5.954 loading class com/google/common/io/Closer
Event: 5.954 loading class com/google/common/io/Closer done
Event: 5.955 loading class com/google/common/io/Closer$Suppressor
Event: 5.955 loading class com/google/common/io/Closer$Suppressor done
Event: 5.955 loading class com/google/common/io/Closer$SuppressingSuppressor
Event: 5.955 loading class com/google/common/io/Closer$SuppressingSuppressor done
Event: 5.957 loading class org/openqa/selenium/remote/internal/WebElementToJsonConverter
Event: 5.957 loading class org/openqa/selenium/remote/internal/WebElementToJsonConverter done
Event: 5.957 loading class org/openqa/selenium/WrapsElement
Event: 5.957 loading class org/openqa/selenium/WrapsElement done
Event: 5.968 Executing VM operation: RevokeBias
Event: 5.968 Executing VM operation: RevokeBias done
Event: 5.968 Executing VM operation: RevokeBias
Event: 5.969 Executing VM operation: RevokeBias done


Dynamic libraries:
0x00007ff62fb30000 - 0x00007ff62fb3a000 	C:\Program Files\JetBrains\IntelliJ IDEA Community Edition 2021.3.2\jbr\bin\java.exe
0x00007ff83e8a0000 - 0x00007ff83eb08000 	C:\WINDOWS\SYSTEM32\ntdll.dll
0x00007ff83dc40000 - 0x00007ff83dd09000 	C:\WINDOWS\System32\KERNEL32.DLL
0x00007ff83b9f0000 - 0x00007ff83bde8000 	C:\WINDOWS\System32\KERNELBASE.dll
0x00007ff83bea0000 - 0x00007ff83bfeb000 	C:\WINDOWS\System32\ucrtbase.dll
0x00007ff81e540000 - 0x00007ff81e559000 	C:\Program Files\JetBrains\IntelliJ IDEA Community Edition 2021.3.2\jbr\bin\jli.dll
0x00007ff813bf0000 - 0x00007ff813c07000 	C:\Program Files\JetBrains\IntelliJ IDEA Community Edition 2021.3.2\jbr\bin\VCRUNTIME140.dll
0x00007ff83e690000 - 0x00007ff83e857000 	C:\WINDOWS\System32\USER32.dll
0x00007ff83c160000 - 0x00007ff83c187000 	C:\WINDOWS\System32\win32u.dll
0x00007ff83de10000 - 0x00007ff83de3b000 	C:\WINDOWS\System32\GDI32.dll
0x00007ff83c300000 - 0x00007ff83c42c000 	C:\WINDOWS\System32\gdi32full.dll
0x00007ff83bdf0000 - 0x00007ff83be93000 	C:\WINDOWS\System32\msvcp_win.dll
0x00007ff821360000 - 0x00007ff8215f4000 	C:\WINDOWS\WinSxS\amd64_microsoft.windows.common-controls_6595b64144ccf1df_6.0.26100.7019_none_3e06ffa0e335b8a8\COMCTL32.dll
0x00007ff83c640000 - 0x00007ff83c6e9000 	C:\WINDOWS\System32\msvcrt.dll
0x00007ff83c7b0000 - 0x00007ff83c7e1000 	C:\WINDOWS\System32\IMM32.DLL
0x00007ff80c390000 - 0x00007ff80c42d000 	C:\Program Files\JetBrains\IntelliJ IDEA Community Edition 2021.3.2\jbr\bin\msvcp140.dll
0x00007fff48250000 - 0x00007fff48dc6000 	C:\Program Files\JetBrains\IntelliJ IDEA Community Edition 2021.3.2\jbr\bin\server\jvm.dll
0x00007ff83e510000 - 0x00007ff83e5c4000 	C:\WINDOWS\System32\ADVAPI32.dll
0x00007ff83e5e0000 - 0x00007ff83e686000 	C:\WINDOWS\System32\sechost.dll
0x00007ff83de50000 - 0x00007ff83df68000 	C:\WINDOWS\System32\RPCRT4.dll
0x00007ff83d7d0000 - 0x00007ff83d7d8000 	C:\WINDOWS\System32\PSAPI.DLL
0x00007ff8335f0000 - 0x00007ff833625000 	C:\WINDOWS\SYSTEM32\WINMM.dll
0x00007ff80d800000 - 0x00007ff80d80a000 	C:\WINDOWS\SYSTEM32\WSOCK32.dll
0x00007ff821950000 - 0x00007ff82195b000 	C:\WINDOWS\SYSTEM32\VERSION.dll
0x00007ff83d360000 - 0x00007ff83d3d4000 	C:\WINDOWS\System32\WS2_32.dll
0x00007ff83a7b0000 - 0x00007ff83a7cb000 	C:\WINDOWS\SYSTEM32\kernel.appcore.dll
0x00007ff80d7a0000 - 0x00007ff80d7b1000 	C:\Program Files\JetBrains\IntelliJ IDEA Community Edition 2021.3.2\jbr\bin\verify.dll
0x00007ff839040000 - 0x00007ff839282000 	C:\WINDOWS\SYSTEM32\DBGHELP.DLL
0x00007ff83c840000 - 0x00007ff83cbcb000 	C:\WINDOWS\System32\combase.dll
0x00007ff83d550000 - 0x00007ff83d627000 	C:\WINDOWS\System32\OLEAUT32.dll
0x00007ff821320000 - 0x00007ff82135c000 	C:\WINDOWS\SYSTEM32\dbgcore.DLL
0x00007ff83bff0000 - 0x00007ff83c095000 	C:\WINDOWS\System32\bcryptPrimitives.dll
0x00007ff80d750000 - 0x00007ff80d779000 	C:\Program Files\JetBrains\IntelliJ IDEA Community Edition 2021.3.2\jbr\bin\java.dll
0x00007ff82a710000 - 0x00007ff82a71b000 	C:\Program Files\JetBrains\IntelliJ IDEA Community Edition 2021.3.2\jbr\bin\jimage.dll
0x00007ff80c350000 - 0x00007ff80c389000 	C:\Program Files\JetBrains\IntelliJ IDEA Community Edition 2021.3.2\jbr\bin\jdwp.dll
0x00007ff838290000 - 0x00007ff83829f000 	C:\Program Files\JetBrains\IntelliJ IDEA Community Edition 2021.3.2\jbr\bin\instrument.dll
0x00007ff80d730000 - 0x00007ff80d748000 	C:\Program Files\JetBrains\IntelliJ IDEA Community Edition 2021.3.2\jbr\bin\zip.dll
0x00007ff83cc00000 - 0x00007ff83d34f000 	C:\WINDOWS\System32\SHELL32.dll
0x00007ff83c190000 - 0x00007ff83c2fb000 	C:\WINDOWS\System32\wintypes.dll
0x00007ff839610000 - 0x00007ff839e6d000 	C:\WINDOWS\SYSTEM32\windows.storage.dll
0x00007ff83d3e0000 - 0x00007ff83d4d2000 	C:\WINDOWS\System32\SHCORE.dll
0x00007ff83d4e0000 - 0x00007ff83d547000 	C:\WINDOWS\System32\shlwapi.dll
0x00007ff83b910000 - 0x00007ff83b939000 	C:\WINDOWS\SYSTEM32\profapi.dll
0x00007ff836230000 - 0x00007ff83623b000 	C:\Program Files\JetBrains\IntelliJ IDEA Community Edition 2021.3.2\jbr\bin\dt_socket.dll
0x00007ff83ad20000 - 0x00007ff83ad8b000 	C:\WINDOWS\system32\mswsock.dll
0x00007ffff9530000 - 0x00007ffff954a000 	C:\Program Files\JetBrains\IntelliJ IDEA Community Edition 2021.3.2\jbr\bin\net.dll
0x00007ff8353a0000 - 0x00007ff8354c8000 	C:\WINDOWS\SYSTEM32\WINHTTP.dll
0x00007ffff5990000 - 0x00007ffff59a4000 	C:\Program Files\JetBrains\IntelliJ IDEA Community Edition 2021.3.2\jbr\bin\nio.dll
0x00007ff83afe0000 - 0x00007ff83affb000 	C:\WINDOWS\SYSTEM32\CRYPTSP.dll
0x00007ff83a710000 - 0x00007ff83a74a000 	C:\WINDOWS\system32\rsaenh.dll
0x00007ff83add0000 - 0x00007ff83adfb000 	C:\WINDOWS\SYSTEM32\USERENV.dll
0x00007ff83b8e0000 - 0x00007ff83b90a000 	C:\WINDOWS\SYSTEM32\bcrypt.dll
0x00007ff83b000000 - 0x00007ff83b00c000 	C:\WINDOWS\SYSTEM32\CRYPTBASE.dll
0x00007ff83a2f0000 - 0x00007ff83a324000 	C:\WINDOWS\SYSTEM32\IPHLPAPI.DLL
0x00007ff83cbd0000 - 0x00007ff83cbda000 	C:\WINDOWS\System32\NSI.dll
0x00007ff835b10000 - 0x00007ff835b2e000 	C:\WINDOWS\SYSTEM32\dhcpcsvc6.DLL
0x00007ff835840000 - 0x00007ff835863000 	C:\WINDOWS\SYSTEM32\dhcpcsvc.DLL
0x00007ff83a330000 - 0x00007ff83a45c000 	C:\WINDOWS\SYSTEM32\DNSAPI.dll
0x00007ff802950000 - 0x00007ff802968000 	C:\WINDOWS\system32\napinsp.dll
0x00007ff802110000 - 0x00007ff802122000 	C:\WINDOWS\System32\winrnr.dll
0x00007ff8020e0000 - 0x00007ff802102000 	C:\WINDOWS\system32\nlansp_c.dll
0x00007ff802810000 - 0x00007ff802826000 	C:\WINDOWS\system32\wshbth.dll
0x00007ff833470000 - 0x00007ff83347b000 	C:\Windows\System32\rasadhlp.dll
0x00007ff835de0000 - 0x00007ff835e66000 	C:\WINDOWS\System32\fwpuclnt.dll
0x00007ffff9520000 - 0x00007ffff952a000 	C:\Program Files\JetBrains\IntelliJ IDEA Community Edition 2021.3.2\jbr\bin\management.dll
0x00007ffff94e0000 - 0x00007ffff94ed000 	C:\Program Files\JetBrains\IntelliJ IDEA Community Edition 2021.3.2\jbr\bin\management_ext.dll
0x00007ffff14e0000 - 0x00007ffff1508000 	C:\Program Files\JetBrains\IntelliJ IDEA Community Edition 2021.3.2\jbr\bin\sunec.dll

dbghelp: loaded successfully - version: 4.0.5 - missing functions: none
symbol engine: initialized successfully - sym options: 0x614 - pdb path: .;C:\Program Files\JetBrains\IntelliJ IDEA Community Edition 2021.3.2\jbr\bin;C:\WINDOWS\SYSTEM32;C:\WINDOWS\WinSxS\amd64_microsoft.windows.common-controls_6595b64144ccf1df_6.0.26100.7019_none_3e06ffa0e335b8a8;C:\Program Files\JetBrains\IntelliJ IDEA Community Edition 2021.3.2\jbr\bin\server

VM Arguments:
jvm_args: -agentlib:jdwp=transport=dt_socket,address=127.0.0.1:22722,suspend=y,server=n -ea -Didea.test.cyclic.buffer.size=1048576 -javaagent:C:\Users\Admin\AppData\Local\JetBrains\IdeaIC2021.3\captureAgent\debugger-agent.jar=file:/C:/Users/Admin/AppData/Local/Temp/capture.props -Dfile.encoding=UTF-8 
java_command: com.intellij.rt.testng.RemoteTestNGStarter -usedefaultlisteners false -socket22721 @w@C:\Users\Admin\AppData\Local\Temp\idea_working_dirs_testng.tmp -temp C:\Users\Admin\AppData\Local\Temp\idea_testng.tmp
java_class_path (initial): C:\Program Files\JetBrains\IntelliJ IDEA Community Edition 2021.3.2\lib\idea_rt.jar;C:\Program Files\JetBrains\IntelliJ IDEA Community Edition 2021.3.2\plugins\testng\lib\testng-rt.jar;D:\QA-Automation\target\test-classes;D:\QA-Automation\target\classes;C:\Users\Admin\.m2\repository\org\testng\testng\7.1.0\testng-7.1.0.jar;C:\Users\Admin\.m2\repository\com\google\inject\guice\4.1.0\guice-4.1.0-no_aop.jar;C:\Users\Admin\.m2\repository\javax\inject\javax.inject\1\javax.inject-1.jar;C:\Users\Admin\.m2\repository\aopalliance\aopalliance\1.0\aopalliance-1.0.jar;C:\Users\Admin\.m2\repository\org\yaml\snakeyaml\1.21\snakeyaml-1.21.jar;C:\Users\Admin\.m2\repository\org\apache\pdfbox\pdfbox\2.0.26\pdfbox-2.0.26.jar;C:\Users\Admin\.m2\repository\org\apache\pdfbox\fontbox\2.0.26\fontbox-2.0.26.jar;C:\Users\Admin\.m2\repository\commons-logging\commons-logging\1.2\commons-logging-1.2.jar;C:\Users\Admin\.m2\repository\org\apache\logging\log4j\log4j-api\2.16.0\log4j-api-2.16.0.jar;C:\Users\Admin\.m2\repository\org\postgresql\postgresql\42.2.23\postgresql-42.2.23.jar;C:\Users\Admin\.m2\repository\org\checkerframework\checker-qual\3.5.0\checker-qual-3.5.0.jar;C:\Users\Admin\.m2\repository\org\apache\logging\log4j\log4j-core\2.16.0\log4j-core-2.16.0.jar;C:\Users\Admin\.m2\repository\org\awaitility\awaitility\4.1.1\awaitility-4.1.1.jar;C:\Users\Admin\.m2\repository\org\hamcrest\hamcrest\2.1\hamcrest-2.1.jar;C:\Users\Admin\.m2\repository\org\awaitility\awaitility-proxy\3.1.6\awaitility-proxy-3.1.6.jar;C:\Users\Admin\.m2\repository\net\bytebuddy\byte-buddy\1.7.0\byte-buddy-1.7.0.jar;C:\Users\Admin\.m2\repository\org\assertj\assertj-core\3.14.0\assertj-core-3.14.0.jar;C:\Users\Admin\.m2\repository\com\codoid\products\fillo\1.21\fillo-1.21.jar;C:\Users\Admin\.m2\repository\com\aventstack\extentreports\5.0.6\extentreports-5.0.6.jar;C:\Users\Admin\.m2\repository\io\reactivex\rxjava3\rxjava\3.0.4\rxjava-3.0.4.jar;C:\Users\Admin\.m2\repository\org\reactivestreams\
Launcher Type: SUN_STANDARD

[Global flags]
     intx CICompilerCount                          = 4                                         {product} {ergonomic}
     uint ConcGCThreads                            = 3                                         {product} {ergonomic}
     uint G1ConcRefinementThreads                  = 10                                        {product} {ergonomic}
   size_t G1HeapRegionSize                         = 1048576                                   {product} {ergonomic}
    uintx GCDrainStackTargetSize                   = 64                                        {product} {ergonomic}
   size_t InitialHeapSize                          = 264241152                                 {product} {ergonomic}
   size_t MarkStackSize                            = 4194304                                   {product} {ergonomic}
   size_t MaxHeapSize                              = 4219469824                                {product} {ergonomic}
   size_t MaxNewSize                               = 2531262464                                {product} {ergonomic}
   size_t MinHeapDeltaBytes                        = 1048576                                   {product} {ergonomic}
    uintx NonNMethodCodeHeapSize                   = 5836300                                {pd product} {ergonomic}
    uintx NonProfiledCodeHeapSize                  = 122910970                              {pd product} {ergonomic}
    uintx ProfiledCodeHeapSize                     = 122910970                              {pd product} {ergonomic}
    uintx ReservedCodeCacheSize                    = 251658240                              {pd product} {ergonomic}
     bool SegmentedCodeCache                       = true                                      {product} {ergonomic}
     bool UseCompressedClassPointers               = true                                 {lp64_product} {ergonomic}
     bool UseCompressedOops                        = true                                 {lp64_product} {ergonomic}
     bool UseG1GC                                  = true                                      {product} {ergonomic}
     bool UseLargePagesIndividualAllocation        = false                                  {pd product} {ergonomic}

Logging:
Log output configuration:
 #0: stdout all=warning uptime,level,tags
 #1: stderr all=off uptime,level,tags

Environment Variables:
JAVA_HOME=C:\Program Files\OpenLogic\jdk-11.0.27.6-hotspot
PATH=C:\Program Files\OpenLogic\jdk-11.0.27.6-hotspot\bin;C:\Program Files (x86)\Common Files\Oracle\Java\javapath;C:\WINDOWS\system32;C:\WINDOWS;C:\WINDOWS\System32\Wbem;C:\WINDOWS\System32\WindowsPowerShell\v1.0\;C:\WINDOWS\System32\OpenSSH\;C:\Program Files\Go\bin;C:\Program Files (x86)\Netclient\;C:\Program Files\nodejs\;D:\DataBackup\apache-jmeter-5.5\bin;C:\Program Files\Microsoft SQL Server\150\Tools\Binn\;C:\Program Files\Git\cmd;C:\xampp\php;C:\Program Files\Microsoft SQL Server\Client SDK\ODBC\170\Tools\Binn\;C:\Program Files\dotnet\;C:\Program Files (x86)\Java\jdk1.8.0_301\bin;C:\Users\Admin\.dotnet\tools;C:\Users\Admin\AppData\Local\Microsoft\WindowsApps;
USERNAME=Admin
OS=Windows_NT
PROCESSOR_IDENTIFIER=Intel64 Family 6 Model 154 Stepping 4, GenuineIntel



---------------  S Y S T E M  ---------------

OS: Windows 11 , 64 bit Build 26100 (10.0.26100.7019)
OS uptime: 0 days 7:26 hours
Hyper-V role detected

CPU:total 12 (initial active 12) (6 cores per cpu, 2 threads per core) family 6 model 154 stepping 4 microcode 0x435, cmov, cx8, fxsr, mmx, sse, sse2, sse3, ssse3, sse4.1, sse4.2, popcnt, avx, avx2, aes, clmul, erms, 3dnowpref, lzcnt, ht, tsc, tscinvbit, bmi1, bmi2, adx, sha, fma

Memory: 4k page, system-wide physical 16092M (1510M free)
TotalPageFile size 26470M (AvailPageFile size 0M)
current process WorkingSet (physical memory assigned to process): 234M, peak: 271M
current process commit charge ("private bytes"): 419M, peak: 456M

vm_info: OpenJDK 64-Bit Server VM (11.0.13+7-b1751.25) for windows-amd64 JRE (11.0.13+7-b1751.25), built on Jan 13 2022 20:47:27 by "" with MS VC++ 14.0 (VS2015)

END.
